2026-02-13 10:19:08	admin	http://skfo.ddev.site/	ProcessWire\WireException: Method Pageimage::count does not exist or is not callable in this context in /var/www/html/public/wire/core/Wire.php:563 Stack trace: #0 /var/www/html/public/wire/core/Wire.php(419): ProcessWire\Wire->___callUnknown('count', Array) #1 /var/www/html/public/wire/core/WireHooks.php(1018): ProcessWire\Wire->_callMethod('___callUnknown', Array) #2 /var/www/html/public/wire/core/Wire.php(484): ProcessWire\WireHooks->runHooks(Object(ProcessWire\Pageimage), 'callUnknown', Array) #3 /var/www/html/public/wire/core/Wire.php(487): ProcessWire\Wire->__call('callUnknown', Array) #4 /var/www/html/public/site/templates/home.php(141): ProcessWire\Wire->__call('count', Array) #5 /var/www/html/public/wire/core/TemplateFile.php(328): require('/var/www/html/p...') #6 /var/www/html/public/wire/core/Wire.php(413): ProcessWire\TemplateFile->___render() #7 /var/www/html/public/wire/core/WireHooks.php(1018): ProcessWire\Wire->_callMethod('___render', Array) #8 /var/www/html/public/wire/core/Wire.php(484): ProcessWire\WireHooks->runHooks(Object(ProcessWire\TemplateFile), 'render', Array) #9 /var/www/html/public/wire/modules/PageRender.module(547): ProcessWire\Wire->__call('render', Array) #10 /var/www/html/public/wire/core/Page.php(3152): ProcessWire\PageRender->render(Object(ProcessWire\HomePage), Array) #11 /var/www/html/public/wire/core/Wire.php(416): ProcessWire\Page->___renderPage(Array) #12 /var/www/html/public/wire/core/WireHooks.php(1018): ProcessWire\Wire->_callMethod('___renderPage', Array) #13 /var/www/html/public/wire/core/Wire.php(484): ProcessWire\WireHooks->runHooks(Object(ProcessWire\HomePage), 'renderPage', Array) #14 /var/www/html/public/wire/core/Page.php(3097): ProcessWire\Wire->__call('renderPage', Array) #15 /var/www/html/public/wire/core/Wire.php(413): ProcessWire\Page->___render() #16 /var/www/html/public/wire/core/WireHooks.php(1018): ProcessWire\Wire->_callMethod('___render', Array) #17 /var/www/html/public/wire/core/Wire.php(484): ProcessWire\WireHooks->runHooks(Object(ProcessWire\HomePage), 'render', Array) #18 /var/www/html/public/wire/modules/Process/ProcessPageView.module(193): ProcessWire\Wire->__call('render', Array) #19 /var/www/html/public/wire/modules/Process/ProcessPageView.module(114): ProcessWire\ProcessPageView->renderPage(Object(ProcessWire\HomePage), Object(ProcessWire\PagesRequest)) #20 /var/www/html/public/wire/core/Wire.php(416): ProcessWire\ProcessPageView->___execute(true) #21 /var/www/html/public/wire/core/WireHooks.php(1018): ProcessWire\Wire->_callMethod('___execute', Array) #22 /var/www/html/public/wire/core/Wire.php(484): ProcessWire\WireHooks->runHooks(Object(ProcessWire\ProcessPageView), 'execute', Array) #23 /var/www/html/public/index.php(56): ProcessWire\Wire->__call('execute', Array) #24 {main}
2026-02-13 10:19:08	admin	http://skfo.ddev.site/	ProcessWire\WireException: Method Pageimage::count does not exist or is not callable in this context in /var/www/html/public/wire/core/Wire.php:563 Stack trace: #0 /var/www/html/public/wire/core/Wire.php(419): ProcessWire\Wire->___callUnknown('count', Array) #1 /var/www/html/public/wire/core/WireHooks.php(1018): ProcessWire\Wire->_callMethod('___callUnknown', Array) #2 /var/www/html/public/wire/core/Wire.php(484): ProcessWire\WireHooks->runHooks(Object(ProcessWire\Pageimage), 'callUnknown', Array) #3 /var/www/html/public/wire/core/Wire.php(487): ProcessWire\Wire->__call('callUnknown', Array) #4 /var/www/html/public/site/templates/home.php(141): ProcessWire\Wire->__call('count', Array) #5 /var/www/html/public/wire/core/TemplateFile.php(328): require('/var/www/html/p...') #6 /var/www/html/public/wire/core/Wire.php(413): ProcessWire\TemplateFile->___render() #7 /var/www/html/public/wire/core/WireHooks.php(1018): ProcessWire\Wire->_callMethod('___render', Array) #8 /var/www/html/public/wire/core/Wire.php(484): ProcessWire\WireHooks->runHooks(Object(ProcessWire\TemplateFile), 'render', Array) #9 /var/www/html/public/wire/modules/PageRender.module(547): ProcessWire\Wire->__call('render', Array) #10 /var/www/html/public/wire/core/Page.php(3152): ProcessWire\PageRender->render(Object(ProcessWire\HomePage), Array) #11 /var/www/html/public/wire/core/Wire.php(416): ProcessWire\Page->___renderPage(Array) #12 /var/www/html/public/wire/core/WireHooks.php(1018): ProcessWire\Wire->_callMethod('___renderPage', Array) #13 /var/www/html/public/wire/core/Wire.php(484): ProcessWire\WireHooks->runHooks(Object(ProcessWire\HomePage), 'renderPage', Array) #14 /var/www/html/public/wire/core/Page.php(3097): ProcessWire\Wire->__call('renderPage', Array) #15 /var/www/html/public/wire/core/Wire.php(413): ProcessWire\Page->___render() #16 /var/www/html/public/wire/core/WireHooks.php(1018): ProcessWire\Wire->_callMethod('___render', Array) #17 /var/www/html/public/wire/core/Wire.php(484): ProcessWire\WireHooks->runHooks(Object(ProcessWire\HomePage), 'render', Array) #18 /var/www/html/public/wire/modules/Process/ProcessPageView.module(193): ProcessWire\Wire->__call('render', Array) #19 /var/www/html/public/wire/modules/Process/ProcessPageView.module(114): ProcessWire\ProcessPageView->renderPage(Object(ProcessWire\HomePage), Object(ProcessWire\PagesRequest)) #20 /var/www/html/public/wire/core/Wire.php(416): ProcessWire\ProcessPageView->___execute(true) #21 /var/www/html/public/wire/core/WireHooks.php(1018): ProcessWire\Wire->_callMethod('___execute', Array) #22 /var/www/html/public/wire/core/Wire.php(484): ProcessWire\WireHooks->runHooks(Object(ProcessWire\ProcessPageView), 'execute', Array) #23 /var/www/html/public/index.php(56): ProcessWire\Wire->__call('execute', Array) #24 {main}
2026-02-13 10:19:23	admin	http://skfo.ddev.site/	ProcessWire\WireException: Method Pageimage::count does not exist or is not callable in this context in /var/www/html/public/wire/core/Wire.php:563 Stack trace: #0 /var/www/html/public/wire/core/Wire.php(419): ProcessWire\Wire->___callUnknown('count', Array) #1 /var/www/html/public/wire/core/WireHooks.php(1018): ProcessWire\Wire->_callMethod('___callUnknown', Array) #2 /var/www/html/public/wire/core/Wire.php(484): ProcessWire\WireHooks->runHooks(Object(ProcessWire\Pageimage), 'callUnknown', Array) #3 /var/www/html/public/wire/core/Wire.php(487): ProcessWire\Wire->__call('callUnknown', Array) #4 /var/www/html/public/site/templates/home.php(141): ProcessWire\Wire->__call('count', Array) #5 /var/www/html/public/wire/core/TemplateFile.php(328): require('/var/www/html/p...') #6 /var/www/html/public/wire/core/Wire.php(413): ProcessWire\TemplateFile->___render() #7 /var/www/html/public/wire/core/WireHooks.php(1018): ProcessWire\Wire->_callMethod('___render', Array) #8 /var/www/html/public/wire/core/Wire.php(484): ProcessWire\WireHooks->runHooks(Object(ProcessWire\TemplateFile), 'render', Array) #9 /var/www/html/public/wire/modules/PageRender.module(547): ProcessWire\Wire->__call('render', Array) #10 /var/www/html/public/wire/core/Page.php(3152): ProcessWire\PageRender->render(Object(ProcessWire\HomePage), Array) #11 /var/www/html/public/wire/core/Wire.php(416): ProcessWire\Page->___renderPage(Array) #12 /var/www/html/public/wire/core/WireHooks.php(1018): ProcessWire\Wire->_callMethod('___renderPage', Array) #13 /var/www/html/public/wire/core/Wire.php(484): ProcessWire\WireHooks->runHooks(Object(ProcessWire\HomePage), 'renderPage', Array) #14 /var/www/html/public/wire/core/Page.php(3097): ProcessWire\Wire->__call('renderPage', Array) #15 /var/www/html/public/wire/core/Wire.php(413): ProcessWire\Page->___render() #16 /var/www/html/public/wire/core/WireHooks.php(1018): ProcessWire\Wire->_callMethod('___render', Array) #17 /var/www/html/public/wire/core/Wire.php(484): ProcessWire\WireHooks->runHooks(Object(ProcessWire\HomePage), 'render', Array) #18 /var/www/html/public/wire/modules/Process/ProcessPageView.module(193): ProcessWire\Wire->__call('render', Array) #19 /var/www/html/public/wire/modules/Process/ProcessPageView.module(114): ProcessWire\ProcessPageView->renderPage(Object(ProcessWire\HomePage), Object(ProcessWire\PagesRequest)) #20 /var/www/html/public/wire/core/Wire.php(416): ProcessWire\ProcessPageView->___execute(true) #21 /var/www/html/public/wire/core/WireHooks.php(1018): ProcessWire\Wire->_callMethod('___execute', Array) #22 /var/www/html/public/wire/core/Wire.php(484): ProcessWire\WireHooks->runHooks(Object(ProcessWire\ProcessPageView), 'execute', Array) #23 /var/www/html/public/index.php(56): ProcessWire\Wire->__call('execute', Array) #24 {main}
2026-02-13 10:19:24	admin	http://skfo.ddev.site/	ProcessWire\WireException: Method Pageimage::count does not exist or is not callable in this context in /var/www/html/public/wire/core/Wire.php:563 Stack trace: #0 /var/www/html/public/wire/core/Wire.php(419): ProcessWire\Wire->___callUnknown('count', Array) #1 /var/www/html/public/wire/core/WireHooks.php(1018): ProcessWire\Wire->_callMethod('___callUnknown', Array) #2 /var/www/html/public/wire/core/Wire.php(484): ProcessWire\WireHooks->runHooks(Object(ProcessWire\Pageimage), 'callUnknown', Array) #3 /var/www/html/public/wire/core/Wire.php(487): ProcessWire\Wire->__call('callUnknown', Array) #4 /var/www/html/public/site/templates/home.php(141): ProcessWire\Wire->__call('count', Array) #5 /var/www/html/public/wire/core/TemplateFile.php(328): require('/var/www/html/p...') #6 /var/www/html/public/wire/core/Wire.php(413): ProcessWire\TemplateFile->___render() #7 /var/www/html/public/wire/core/WireHooks.php(1018): ProcessWire\Wire->_callMethod('___render', Array) #8 /var/www/html/public/wire/core/Wire.php(484): ProcessWire\WireHooks->runHooks(Object(ProcessWire\TemplateFile), 'render', Array) #9 /var/www/html/public/wire/modules/PageRender.module(547): ProcessWire\Wire->__call('render', Array) #10 /var/www/html/public/wire/core/Page.php(3152): ProcessWire\PageRender->render(Object(ProcessWire\HomePage), Array) #11 /var/www/html/public/wire/core/Wire.php(416): ProcessWire\Page->___renderPage(Array) #12 /var/www/html/public/wire/core/WireHooks.php(1018): ProcessWire\Wire->_callMethod('___renderPage', Array) #13 /var/www/html/public/wire/core/Wire.php(484): ProcessWire\WireHooks->runHooks(Object(ProcessWire\HomePage), 'renderPage', Array) #14 /var/www/html/public/wire/core/Page.php(3097): ProcessWire\Wire->__call('renderPage', Array) #15 /var/www/html/public/wire/core/Wire.php(413): ProcessWire\Page->___render() #16 /var/www/html/public/wire/core/WireHooks.php(1018): ProcessWire\Wire->_callMethod('___render', Array) #17 /var/www/html/public/wire/core/Wire.php(484): ProcessWire\WireHooks->runHooks(Object(ProcessWire\HomePage), 'render', Array) #18 /var/www/html/public/wire/modules/Process/ProcessPageView.module(193): ProcessWire\Wire->__call('render', Array) #19 /var/www/html/public/wire/modules/Process/ProcessPageView.module(114): ProcessWire\ProcessPageView->renderPage(Object(ProcessWire\HomePage), Object(ProcessWire\PagesRequest)) #20 /var/www/html/public/wire/core/Wire.php(416): ProcessWire\ProcessPageView->___execute(true) #21 /var/www/html/public/wire/core/WireHooks.php(1018): ProcessWire\Wire->_callMethod('___execute', Array) #22 /var/www/html/public/wire/core/Wire.php(484): ProcessWire\WireHooks->runHooks(Object(ProcessWire\ProcessPageView), 'execute', Array) #23 /var/www/html/public/index.php(56): ProcessWire\Wire->__call('execute', Array) #24 {main}
2026-02-13 10:19:34	admin	http://skfo.ddev.site/	ProcessWire\WireException: Method Pageimage::count does not exist or is not callable in this context in /var/www/html/public/wire/core/Wire.php:563 Stack trace: #0 /var/www/html/public/wire/core/Wire.php(419): ProcessWire\Wire->___callUnknown('count', Array) #1 /var/www/html/public/wire/core/WireHooks.php(1018): ProcessWire\Wire->_callMethod('___callUnknown', Array) #2 /var/www/html/public/wire/core/Wire.php(484): ProcessWire\WireHooks->runHooks(Object(ProcessWire\Pageimage), 'callUnknown', Array) #3 /var/www/html/public/wire/core/Wire.php(487): ProcessWire\Wire->__call('callUnknown', Array) #4 /var/www/html/public/site/templates/home.php(141): ProcessWire\Wire->__call('count', Array) #5 /var/www/html/public/wire/core/TemplateFile.php(328): require('/var/www/html/p...') #6 /var/www/html/public/wire/core/Wire.php(413): ProcessWire\TemplateFile->___render() #7 /var/www/html/public/wire/core/WireHooks.php(1018): ProcessWire\Wire->_callMethod('___render', Array) #8 /var/www/html/public/wire/core/Wire.php(484): ProcessWire\WireHooks->runHooks(Object(ProcessWire\TemplateFile), 'render', Array) #9 /var/www/html/public/wire/modules/PageRender.module(547): ProcessWire\Wire->__call('render', Array) #10 /var/www/html/public/wire/core/Page.php(3152): ProcessWire\PageRender->render(Object(ProcessWire\HomePage), Array) #11 /var/www/html/public/wire/core/Wire.php(416): ProcessWire\Page->___renderPage(Array) #12 /var/www/html/public/wire/core/WireHooks.php(1018): ProcessWire\Wire->_callMethod('___renderPage', Array) #13 /var/www/html/public/wire/core/Wire.php(484): ProcessWire\WireHooks->runHooks(Object(ProcessWire\HomePage), 'renderPage', Array) #14 /var/www/html/public/wire/core/Page.php(3097): ProcessWire\Wire->__call('renderPage', Array) #15 /var/www/html/public/wire/core/Wire.php(413): ProcessWire\Page->___render() #16 /var/www/html/public/wire/core/WireHooks.php(1018): ProcessWire\Wire->_callMethod('___render', Array) #17 /var/www/html/public/wire/core/Wire.php(484): ProcessWire\WireHooks->runHooks(Object(ProcessWire\HomePage), 'render', Array) #18 /var/www/html/public/wire/modules/Process/ProcessPageView.module(193): ProcessWire\Wire->__call('render', Array) #19 /var/www/html/public/wire/modules/Process/ProcessPageView.module(114): ProcessWire\ProcessPageView->renderPage(Object(ProcessWire\HomePage), Object(ProcessWire\PagesRequest)) #20 /var/www/html/public/wire/core/Wire.php(416): ProcessWire\ProcessPageView->___execute(true) #21 /var/www/html/public/wire/core/WireHooks.php(1018): ProcessWire\Wire->_callMethod('___execute', Array) #22 /var/www/html/public/wire/core/Wire.php(484): ProcessWire\WireHooks->runHooks(Object(ProcessWire\ProcessPageView), 'execute', Array) #23 /var/www/html/public/index.php(56): ProcessWire\Wire->__call('execute', Array) #24 {main}
2026-02-17 17:29:47	guest	http://skfo.ddev.site/tur-po-dagestanu/	tour review read error: ProcessWire\TemplateFile::ProcessWire\{closure}(): Argument #1 ($database) must be of type PDO, ProcessWire\WireDatabasePDO given, called in /var/www/html/public/site/templates/tour.php on line 184
2026-02-17 18:00:05	admin	http://skfo.ddev.site/http404/reviews/	reviews page read error: ProcessWire\TemplateFile::ProcessWire\{closure}(): Argument #1 ($database) must be of type PDO, ProcessWire\WireDatabasePDO given, called in /var/www/html/public/site/templates/reviews.php on line 66
2026-02-17 18:00:13	admin	http://skfo.ddev.site/reviews/	reviews page read error: ProcessWire\TemplateFile::ProcessWire\{closure}(): Argument #1 ($database) must be of type PDO, ProcessWire\WireDatabasePDO given, called in /var/www/html/public/site/templates/reviews.php on line 66
2026-02-17 18:00:40	admin	http://skfo.ddev.site/reviews/	reviews page read error: ProcessWire\TemplateFile::ProcessWire\{closure}(): Argument #1 ($database) must be of type PDO, ProcessWire\WireDatabasePDO given, called in /var/www/html/public/site/templates/reviews.php on line 66
2026-02-17 18:02:40	admin	http://skfo.ddev.site/reviews/	reviews page read error: ProcessWire\TemplateFile::ProcessWire\{closure}(): Argument #1 ($database) must be of type PDO, ProcessWire\WireDatabasePDO given, called in /var/www/html/public/site/templates/reviews.php on line 66
2026-02-17 18:02:44	admin	http://skfo.ddev.site/reviews/	reviews page save error: ProcessWire\TemplateFile::ProcessWire\{closure}(): Argument #1 ($database) must be of type PDO, ProcessWire\WireDatabasePDO given, called in /var/www/html/public/site/templates/reviews.php on line 43
2026-02-17 18:02:44	admin	http://skfo.ddev.site/reviews/	reviews page read error: ProcessWire\TemplateFile::ProcessWire\{closure}(): Argument #1 ($database) must be of type PDO, ProcessWire\WireDatabasePDO given, called in /var/www/html/public/site/templates/reviews.php on line 66
2026-02-17 18:02:47	admin	http://skfo.ddev.site/reviews/	reviews page save error: ProcessWire\TemplateFile::ProcessWire\{closure}(): Argument #1 ($database) must be of type PDO, ProcessWire\WireDatabasePDO given, called in /var/www/html/public/site/templates/reviews.php on line 43
2026-02-17 18:02:47	admin	http://skfo.ddev.site/reviews/	reviews page read error: ProcessWire\TemplateFile::ProcessWire\{closure}(): Argument #1 ($database) must be of type PDO, ProcessWire\WireDatabasePDO given, called in /var/www/html/public/site/templates/reviews.php on line 66
2026-02-17 18:02:47	admin	http://skfo.ddev.site/reviews/	reviews page save error: ProcessWire\TemplateFile::ProcessWire\{closure}(): Argument #1 ($database) must be of type PDO, ProcessWire\WireDatabasePDO given, called in /var/www/html/public/site/templates/reviews.php on line 43
2026-02-17 18:02:47	admin	http://skfo.ddev.site/reviews/	reviews page read error: ProcessWire\TemplateFile::ProcessWire\{closure}(): Argument #1 ($database) must be of type PDO, ProcessWire\WireDatabasePDO given, called in /var/www/html/public/site/templates/reviews.php on line 66
2026-02-17 18:02:48	admin	http://skfo.ddev.site/reviews/	reviews page save error: ProcessWire\TemplateFile::ProcessWire\{closure}(): Argument #1 ($database) must be of type PDO, ProcessWire\WireDatabasePDO given, called in /var/www/html/public/site/templates/reviews.php on line 43
2026-02-17 18:02:48	admin	http://skfo.ddev.site/reviews/	reviews page read error: ProcessWire\TemplateFile::ProcessWire\{closure}(): Argument #1 ($database) must be of type PDO, ProcessWire\WireDatabasePDO given, called in /var/www/html/public/site/templates/reviews.php on line 66
2026-02-17 18:02:49	admin	http://skfo.ddev.site/reviews/	reviews page save error: ProcessWire\TemplateFile::ProcessWire\{closure}(): Argument #1 ($database) must be of type PDO, ProcessWire\WireDatabasePDO given, called in /var/www/html/public/site/templates/reviews.php on line 43
2026-02-17 18:02:49	admin	http://skfo.ddev.site/reviews/	reviews page read error: ProcessWire\TemplateFile::ProcessWire\{closure}(): Argument #1 ($database) must be of type PDO, ProcessWire\WireDatabasePDO given, called in /var/www/html/public/site/templates/reviews.php on line 66
2026-02-17 18:02:49	admin	http://skfo.ddev.site/reviews/	reviews page save error: ProcessWire\TemplateFile::ProcessWire\{closure}(): Argument #1 ($database) must be of type PDO, ProcessWire\WireDatabasePDO given, called in /var/www/html/public/site/templates/reviews.php on line 43
2026-02-17 18:02:49	admin	http://skfo.ddev.site/reviews/	reviews page read error: ProcessWire\TemplateFile::ProcessWire\{closure}(): Argument #1 ($database) must be of type PDO, ProcessWire\WireDatabasePDO given, called in /var/www/html/public/site/templates/reviews.php on line 66
2026-02-17 18:02:50	admin	http://skfo.ddev.site/reviews/	reviews page save error: ProcessWire\TemplateFile::ProcessWire\{closure}(): Argument #1 ($database) must be of type PDO, ProcessWire\WireDatabasePDO given, called in /var/www/html/public/site/templates/reviews.php on line 43
2026-02-17 18:02:50	admin	http://skfo.ddev.site/reviews/	reviews page read error: ProcessWire\TemplateFile::ProcessWire\{closure}(): Argument #1 ($database) must be of type PDO, ProcessWire\WireDatabasePDO given, called in /var/www/html/public/site/templates/reviews.php on line 66
2026-02-17 18:03:16	admin	http://skfo.ddev.site/reviews/	reviews page save error: ProcessWire\TemplateFile::ProcessWire\{closure}(): Argument #1 ($database) must be of type PDO, ProcessWire\WireDatabasePDO given, called in /var/www/html/public/site/templates/reviews.php on line 43
2026-02-17 18:03:16	admin	http://skfo.ddev.site/reviews/	reviews page read error: ProcessWire\TemplateFile::ProcessWire\{closure}(): Argument #1 ($database) must be of type PDO, ProcessWire\WireDatabasePDO given, called in /var/www/html/public/site/templates/reviews.php on line 66
2026-02-17 18:03:25	admin	http://skfo.ddev.site/reviews/	reviews page save error: ProcessWire\TemplateFile::ProcessWire\{closure}(): Argument #1 ($database) must be of type PDO, ProcessWire\WireDatabasePDO given, called in /var/www/html/public/site/templates/reviews.php on line 43
2026-02-17 18:03:25	admin	http://skfo.ddev.site/reviews/	reviews page read error: ProcessWire\TemplateFile::ProcessWire\{closure}(): Argument #1 ($database) must be of type PDO, ProcessWire\WireDatabasePDO given, called in /var/www/html/public/site/templates/reviews.php on line 66
2026-02-17 18:03:28	admin	http://skfo.ddev.site/reviews/	reviews page save error: ProcessWire\TemplateFile::ProcessWire\{closure}(): Argument #1 ($database) must be of type PDO, ProcessWire\WireDatabasePDO given, called in /var/www/html/public/site/templates/reviews.php on line 43
2026-02-17 18:03:28	admin	http://skfo.ddev.site/reviews/	reviews page read error: ProcessWire\TemplateFile::ProcessWire\{closure}(): Argument #1 ($database) must be of type PDO, ProcessWire\WireDatabasePDO given, called in /var/www/html/public/site/templates/reviews.php on line 66
2026-02-17 18:10:33	guest	http://skfo.ddev.site/reviews/	ProcessWire\WireCSRFException: This request was aborted because it appears to be forged. in /var/www/html/public/wire/core/SessionCSRF.php:194 Stack trace: #0 /var/www/html/public/site/templates/reviews.php(33): ProcessWire\SessionCSRF->validate() #1 /var/www/html/public/wire/core/TemplateFile.php(328): require('/var/www/html/p...') #2 /var/www/html/public/wire/core/Wire.php(413): ProcessWire\TemplateFile->___render() #3 /var/www/html/public/wire/core/WireHooks.php(1018): ProcessWire\Wire->_callMethod('___render', Array) #4 /var/www/html/public/wire/core/Wire.php(484): ProcessWire\WireHooks->runHooks(Object(ProcessWire\TemplateFile), 'render', Array) #5 /var/www/html/public/wire/modules/PageRender.module(547): ProcessWire\Wire->__call('render', Array) #6 /var/www/html/public/wire/core/Page.php(3152): ProcessWire\PageRender->render(Object(ProcessWire\Page), Array) #7 /var/www/html/public/wire/core/Wire.php(416): ProcessWire\Page->___renderPage(Array) #8 /var/www/html/public/wire/core/WireHooks.php(1018): ProcessWire\Wire->_callMethod('___renderPage', Array) #9 /var/www/html/public/wire/core/Wire.php(484): ProcessWire\WireHooks->runHooks(Object(ProcessWire\Page), 'renderPage', Array) #10 /var/www/html/public/wire/core/Page.php(3097): ProcessWire\Wire->__call('renderPage', Array) #11 /var/www/html/public/wire/core/Wire.php(413): ProcessWire\Page->___render() #12 /var/www/html/public/wire/core/WireHooks.php(1018): ProcessWire\Wire->_callMethod('___render', Array) #13 /var/www/html/public/wire/core/Wire.php(484): ProcessWire\WireHooks->runHooks(Object(ProcessWire\Page), 'render', Array) #14 /var/www/html/public/wire/modules/Process/ProcessPageView.module(193): ProcessWire\Wire->__call('render', Array) #15 /var/www/html/public/wire/modules/Process/ProcessPageView.module(114): ProcessWire\ProcessPageView->renderPage(Object(ProcessWire\Page), Object(ProcessWire\PagesRequest)) #16 /var/www/html/public/wire/core/Wire.php(416): ProcessWire\ProcessPageView->___execute(true) #17 /var/www/html/public/wire/core/WireHooks.php(1018): ProcessWire\Wire->_callMethod('___execute', Array) #18 /var/www/html/public/wire/core/Wire.php(484): ProcessWire\WireHooks->runHooks(Object(ProcessWire\ProcessPageView), 'execute', Array) #19 /var/www/html/public/index.php(56): ProcessWire\Wire->__call('execute', Array) #20 {main}
2026-02-17 18:11:03	admin	http://skfo.ddev.site/reviews/	ProcessWire\WireCSRFException: This request was aborted because it appears to be forged. in /var/www/html/public/wire/core/SessionCSRF.php:194 Stack trace: #0 /var/www/html/public/site/templates/reviews.php(33): ProcessWire\SessionCSRF->validate() #1 /var/www/html/public/wire/core/TemplateFile.php(328): require('/var/www/html/p...') #2 /var/www/html/public/wire/core/Wire.php(413): ProcessWire\TemplateFile->___render() #3 /var/www/html/public/wire/core/WireHooks.php(1018): ProcessWire\Wire->_callMethod('___render', Array) #4 /var/www/html/public/wire/core/Wire.php(484): ProcessWire\WireHooks->runHooks(Object(ProcessWire\TemplateFile), 'render', Array) #5 /var/www/html/public/wire/modules/PageRender.module(547): ProcessWire\Wire->__call('render', Array) #6 /var/www/html/public/wire/core/Page.php(3152): ProcessWire\PageRender->render(Object(ProcessWire\Page), Array) #7 /var/www/html/public/wire/core/Wire.php(416): ProcessWire\Page->___renderPage(Array) #8 /var/www/html/public/wire/core/WireHooks.php(1018): ProcessWire\Wire->_callMethod('___renderPage', Array) #9 /var/www/html/public/wire/core/Wire.php(484): ProcessWire\WireHooks->runHooks(Object(ProcessWire\Page), 'renderPage', Array) #10 /var/www/html/public/wire/core/Page.php(3097): ProcessWire\Wire->__call('renderPage', Array) #11 /var/www/html/public/wire/core/Wire.php(413): ProcessWire\Page->___render() #12 /var/www/html/public/wire/core/WireHooks.php(1018): ProcessWire\Wire->_callMethod('___render', Array) #13 /var/www/html/public/wire/core/Wire.php(484): ProcessWire\WireHooks->runHooks(Object(ProcessWire\Page), 'render', Array) #14 /var/www/html/public/wire/modules/Process/ProcessPageView.module(193): ProcessWire\Wire->__call('render', Array) #15 /var/www/html/public/wire/modules/Process/ProcessPageView.module(114): ProcessWire\ProcessPageView->renderPage(Object(ProcessWire\Page), Object(ProcessWire\PagesRequest)) #16 /var/www/html/public/wire/core/Wire.php(416): ProcessWire\ProcessPageView->___execute(true) #17 /var/www/html/public/wire/core/WireHooks.php(1018): ProcessWire\Wire->_callMethod('___execute', Array) #18 /var/www/html/public/wire/core/Wire.php(484): ProcessWire\WireHooks->runHooks(Object(ProcessWire\ProcessPageView), 'execute', Array) #19 /var/www/html/public/index.php(56): ProcessWire\Wire->__call('execute', Array) #20 {main}
2026-02-17 18:11:11	admin	http://skfo.ddev.site/reviews/	reviews page read error: ProcessWire\TemplateFile::ProcessWire\{closure}(): Argument #1 ($database) must be of type PDO, ProcessWire\WireDatabasePDO given, called in /var/www/html/public/site/templates/reviews.php on line 66
2026-02-17 18:15:56	admin	http://skfo.ddev.site/reviews/	reviews page read error: ProcessWire\TemplateFile::ProcessWire\{closure}(): Argument #1 ($database) must be of type PDO, ProcessWire\WireDatabasePDO given, called in /var/www/html/public/site/templates/reviews.php on line 72
2026-02-17 18:16:35	admin	http://skfo.ddev.site/reviews/	reviews page read error: ProcessWire\TemplateFile::ProcessWire\{closure}(): Argument #1 ($database) must be of type PDO, ProcessWire\WireDatabasePDO given, called in /var/www/html/public/site/templates/reviews.php on line 72
2026-02-17 18:19:10	admin	http://skfo.ddev.site/reviews/	reviews page read error: ProcessWire\TemplateFile::ProcessWire\{closure}(): Argument #1 ($database) must be of type PDO, ProcessWire\WireDatabasePDO given, called in /var/www/html/public/site/templates/reviews.php on line 72
2026-02-17 18:19:22	admin	http://skfo.ddev.site/reviews/	reviews page read error: ProcessWire\TemplateFile::ProcessWire\{closure}(): Argument #1 ($database) must be of type PDO, ProcessWire\WireDatabasePDO given, called in /var/www/html/public/site/templates/reviews.php on line 72
2026-02-17 18:21:38	admin	http://skfo.ddev.site/reviews/	reviews page read error: ProcessWire\TemplateFile::ProcessWire\{closure}(): Argument #1 ($database) must be of type PDO, ProcessWire\WireDatabasePDO given, called in /var/www/html/public/site/templates/reviews.php on line 72
2026-02-17 18:21:55	admin	http://skfo.ddev.site/reviews/	reviews page read error: ProcessWire\TemplateFile::ProcessWire\{closure}(): Argument #1 ($database) must be of type PDO, ProcessWire\WireDatabasePDO given, called in /var/www/html/public/site/templates/reviews.php on line 72
2026-02-17 18:23:20	admin	http://skfo.ddev.site/reviews/	reviews page read error: ProcessWire\TemplateFile::ProcessWire\{closure}(): Argument #1 ($database) must be of type PDO, ProcessWire\WireDatabasePDO given, called in /var/www/html/public/site/templates/reviews.php on line 72
2026-02-17 18:24:18	admin	http://skfo.ddev.site/reviews/	reviews page read error: ProcessWire\TemplateFile::ProcessWire\{closure}(): Argument #1 ($database) must be of type PDO, ProcessWire\WireDatabasePDO given, called in /var/www/html/public/site/templates/reviews.php on line 72
2026-02-17 18:25:38	admin	http://skfo.ddev.site/reviews/	reviews page read error: ProcessWire\TemplateFile::ProcessWire\{closure}(): Argument #1 ($database) must be of type PDO, ProcessWire\WireDatabasePDO given, called in /var/www/html/public/site/templates/reviews.php on line 72
2026-02-17 18:27:56	admin	http://skfo.ddev.site/reviews/	reviews page read error: ProcessWire\TemplateFile::ProcessWire\{closure}(): Argument #1 ($database) must be of type PDO, ProcessWire\WireDatabasePDO given, called in /var/www/html/public/site/templates/reviews.php on line 72
2026-02-17 18:28:29	admin	http://skfo.ddev.site/reviews/	reviews page read error: ProcessWire\TemplateFile::ProcessWire\{closure}(): Argument #1 ($database) must be of type PDO, ProcessWire\WireDatabasePDO given, called in /var/www/html/public/site/templates/reviews.php on line 72
2026-02-17 18:29:21	admin	http://skfo.ddev.site/reviews/	reviews page read error: ProcessWire\TemplateFile::ProcessWire\{closure}(): Argument #1 ($database) must be of type PDO, ProcessWire\WireDatabasePDO given, called in /var/www/html/public/site/templates/reviews.php on line 72
2026-02-17 18:29:35	admin	http://skfo.ddev.site/reviews/	reviews page read error: ProcessWire\TemplateFile::ProcessWire\{closure}(): Argument #1 ($database) must be of type PDO, ProcessWire\WireDatabasePDO given, called in /var/www/html/public/site/templates/reviews.php on line 72
2026-02-17 18:29:58	admin	http://skfo.ddev.site/reviews/	reviews page read error: ProcessWire\TemplateFile::ProcessWire\{closure}(): Argument #1 ($database) must be of type PDO, ProcessWire\WireDatabasePDO given, called in /var/www/html/public/site/templates/reviews.php on line 72
2026-02-17 18:31:51	admin	http://skfo.ddev.site/reviews/	reviews page read error: ProcessWire\TemplateFile::ProcessWire\{closure}(): Argument #1 ($database) must be of type PDO, ProcessWire\WireDatabasePDO given, called in /var/www/html/public/site/templates/reviews.php on line 72
2026-02-17 18:32:46	admin	http://skfo.ddev.site/reviews/	reviews page read error: ProcessWire\TemplateFile::ProcessWire\{closure}(): Argument #1 ($database) must be of type PDO, ProcessWire\WireDatabasePDO given, called in /var/www/html/public/site/templates/reviews.php on line 72
2026-02-17 18:33:14	admin	http://skfo.ddev.site/reviews/	reviews page read error: ProcessWire\TemplateFile::ProcessWire\{closure}(): Argument #1 ($database) must be of type PDO, ProcessWire\WireDatabasePDO given, called in /var/www/html/public/site/templates/reviews.php on line 72
2026-02-17 18:33:15	admin	http://skfo.ddev.site/reviews/	reviews page read error: ProcessWire\TemplateFile::ProcessWire\{closure}(): Argument #1 ($database) must be of type PDO, ProcessWire\WireDatabasePDO given, called in /var/www/html/public/site/templates/reviews.php on line 72
2026-02-17 18:33:33	admin	http://skfo.ddev.site/reviews/	reviews page read error: ProcessWire\TemplateFile::ProcessWire\{closure}(): Argument #1 ($database) must be of type PDO, ProcessWire\WireDatabasePDO given, called in /var/www/html/public/site/templates/reviews.php on line 72
2026-02-17 18:34:28	admin	http://skfo.ddev.site/reviews/	reviews page read error: ProcessWire\TemplateFile::ProcessWire\{closure}(): Argument #1 ($database) must be of type PDO, ProcessWire\WireDatabasePDO given, called in /var/www/html/public/site/templates/reviews.php on line 72
2026-02-17 18:35:00	admin	http://skfo.ddev.site/reviews/	reviews page read error: ProcessWire\TemplateFile::ProcessWire\{closure}(): Argument #1 ($database) must be of type PDO, ProcessWire\WireDatabasePDO given, called in /var/www/html/public/site/templates/reviews.php on line 72
2026-02-17 18:35:01	admin	http://skfo.ddev.site/reviews/	reviews page read error: ProcessWire\TemplateFile::ProcessWire\{closure}(): Argument #1 ($database) must be of type PDO, ProcessWire\WireDatabasePDO given, called in /var/www/html/public/site/templates/reviews.php on line 72
2026-02-17 18:37:14	admin	http://skfo.ddev.site/reviews/	reviews page read error: ProcessWire\TemplateFile::ProcessWire\{closure}(): Argument #1 ($database) must be of type PDO, ProcessWire\WireDatabasePDO given, called in /var/www/html/public/site/templates/reviews.php on line 72
2026-02-17 18:39:58	admin	http://skfo.ddev.site/reviews/	reviews page read error: ProcessWire\TemplateFile::ProcessWire\{closure}(): Argument #1 ($database) must be of type PDO, ProcessWire\WireDatabasePDO given, called in /var/www/html/public/site/templates/reviews.php on line 72
2026-02-17 18:40:37	admin	http://skfo.ddev.site/reviews/	reviews page read error: ProcessWire\TemplateFile::ProcessWire\{closure}(): Argument #1 ($database) must be of type PDO, ProcessWire\WireDatabasePDO given, called in /var/www/html/public/site/templates/reviews.php on line 72
2026-02-17 18:40:43	admin	http://skfo.ddev.site/reviews/	reviews page read error: ProcessWire\TemplateFile::ProcessWire\{closure}(): Argument #1 ($database) must be of type PDO, ProcessWire\WireDatabasePDO given, called in /var/www/html/public/site/templates/reviews.php on line 72
2026-02-17 18:43:23	admin	http://skfo.ddev.site/reviews/	reviews page read error: ProcessWire\TemplateFile::ProcessWire\{closure}(): Argument #1 ($database) must be of type PDO, ProcessWire\WireDatabasePDO given, called in /var/www/html/public/site/templates/reviews.php on line 72
2026-02-17 18:43:59	admin	http://skfo.ddev.site/reviews/	reviews page read error: ProcessWire\TemplateFile::ProcessWire\{closure}(): Argument #1 ($database) must be of type PDO, ProcessWire\WireDatabasePDO given, called in /var/www/html/public/site/templates/reviews.php on line 72
2026-02-17 18:45:08	admin	http://skfo.ddev.site/reviews/	reviews page read error: ProcessWire\TemplateFile::ProcessWire\{closure}(): Argument #1 ($database) must be of type PDO, ProcessWire\WireDatabasePDO given, called in /var/www/html/public/site/templates/reviews.php on line 72
2026-02-17 18:45:15	admin	http://skfo.ddev.site/reviews/	reviews page read error: ProcessWire\TemplateFile::ProcessWire\{closure}(): Argument #1 ($database) must be of type PDO, ProcessWire\WireDatabasePDO given, called in /var/www/html/public/site/templates/reviews.php on line 72
2026-02-17 18:45:43	admin	http://skfo.ddev.site/reviews/	reviews page read error: ProcessWire\TemplateFile::ProcessWire\{closure}(): Argument #1 ($database) must be of type PDO, ProcessWire\WireDatabasePDO given, called in /var/www/html/public/site/templates/reviews.php on line 72
2026-02-17 18:46:02	admin	http://skfo.ddev.site/reviews/	reviews page save error: ProcessWire\TemplateFile::ProcessWire\{closure}(): Argument #1 ($database) must be of type PDO, ProcessWire\WireDatabasePDO given, called in /var/www/html/public/site/templates/reviews.php on line 49
2026-02-17 18:46:02	admin	http://skfo.ddev.site/reviews/	reviews page read error: ProcessWire\TemplateFile::ProcessWire\{closure}(): Argument #1 ($database) must be of type PDO, ProcessWire\WireDatabasePDO given, called in /var/www/html/public/site/templates/reviews.php on line 72
2026-02-18 16:26:34	guest	/http404/	Uncaught Error: Call to undefined function wire() in Command line code:1 Stack trace: #0 {main}   thrown
2026-02-22 17:37:17	guest	http://skfo.ddev.site/	auth send_code mail error: SMTP configured, but required vars are missing: host/user/pass/from_email.
2026-02-22 17:37:30	guest	http://skfo.ddev.site/	auth send_code mail error: SMTP configured, but required vars are missing: host/user/pass/from_email.
2026-02-22 17:38:03	guest	http://skfo.ddev.site/	auth send_code mail error: SMTP configured, but required vars are missing: host/user/pass/from_email.
2026-02-23 12:03:29	?	/?/	Uncaught Error: Call to undefined function wire() in Command line code:1 Stack trace: #0 {main}   thrown
2026-02-23 12:03:35	?	/?/	Uncaught Error: Call to a member function get() on null in Command line code:1 Stack trace: #0 {main}   thrown
